Aug-28 13:44:52.300 [main] DEBUG nextflow.cli.Launcher - $> nextflow /Users/nadyanovichkova/MyNextFlow/first_pipeLine.nf
Aug-28 13:44:52.322 [main] DEBUG nextflow.cli.CmdRun - N E X T F L O W  ~  version 25.04.6
Aug-28 13:44:52.332 [main] DEBUG nextflow.plugin.PluginsFacade - Setting up plugin manager > mode=prod; embedded=false; plugins-dir=/Users/nadyanovichkova/.nextflow/plugins; core-plugins: nf-amazon@2.15.0,nf-azure@1.16.0,nf-cloudcache@0.4.3,nf-codecommit@0.2.3,nf-console@1.2.1,nf-google@1.21.1,nf-k8s@1.0.0,nf-tower@1.11.4,nf-wave@1.12.1
Aug-28 13:44:52.347 [main] INFO  o.pf4j.DefaultPluginStatusProvider - Enabled plugins: []
Aug-28 13:44:52.347 [main] INFO  o.pf4j.DefaultPluginStatusProvider - Disabled plugins: []
Aug-28 13:44:52.348 [main] INFO  org.pf4j.DefaultPluginManager - PF4J version 3.12.0 in 'deployment' mode
Aug-28 13:44:52.351 [main] INFO  org.pf4j.AbstractPluginManager - No plugins
Aug-28 13:44:52.357 [main] DEBUG nextflow.config.ConfigBuilder - Found config local: /Users/nadyanovichkova/MyNextFlow/nextflow.config
Aug-28 13:44:52.358 [main] DEBUG nextflow.config.ConfigBuilder - Parsing config file: /Users/nadyanovichkova/MyNextFlow/nextflow.config
Aug-28 13:44:52.368 [main] DEBUG n.secret.LocalSecretsProvider - Secrets store: /Users/nadyanovichkova/.nextflow/secrets/store.json
Aug-28 13:44:52.369 [main] DEBUG nextflow.secret.SecretsLoader - Discovered secrets providers: [nextflow.secret.LocalSecretsProvider@6eafb10e] - activable => nextflow.secret.LocalSecretsProvider@6eafb10e
Aug-28 13:44:52.371 [main] DEBUG nextflow.config.ConfigBuilder - Applying config profile: `standard`
Aug-28 13:44:52.502 [main] DEBUG nextflow.cli.CmdRun - Applied DSL=2 from script declaration
Aug-28 13:44:52.506 [main] DEBUG nextflow.cli.CmdRun - Launching `/Users/nadyanovichkova/MyNextFlow/first_pipeLine.nf` [drunk_majorana] DSL2 - revision: b6ad878a13
Aug-28 13:44:52.507 [main] DEBUG nextflow.plugin.PluginsFacade - Plugins default=[]
Aug-28 13:44:52.507 [main] DEBUG nextflow.plugin.PluginsFacade - Plugins resolved requirement=[]
Aug-28 13:44:52.525 [main] DEBUG nextflow.Session - Session UUID: 0f504140-b149-4654-b764-f50df7d76e9d
Aug-28 13:44:52.525 [main] DEBUG nextflow.Session - Run name: drunk_majorana
Aug-28 13:44:52.525 [main] DEBUG nextflow.Session - Executor pool size: 10
Aug-28 13:44:52.528 [main] DEBUG nextflow.file.FilePorter - File porter settings maxRetries=3; maxTransfers=50; pollTimeout=null
Aug-28 13:44:52.529 [main] DEBUG nextflow.util.ThreadPoolBuilder - Creating thread pool 'FileTransfer' minSize=10; maxSize=30; workQueue=LinkedBlockingQueue[-1]; allowCoreThreadTimeout=false
Aug-28 13:44:52.544 [main] DEBUG nextflow.cli.CmdRun - 
  Version: 25.04.6 build 5954
  Created: 01-07-2025 11:27 UTC (04:27 PDT)
  System: Mac OS X 15.2
  Runtime: Groovy 4.0.26 on OpenJDK 64-Bit Server VM 24.0.2
  Encoding: UTF-8 (UTF-8)
  Process: 38678@Mac.attlocal.net [192.168.1.154]
  CPUs: 10 - Mem: 16 GB (446 MB) - Swap: 0 (0)
Aug-28 13:44:52.549 [main] DEBUG nextflow.Session - Work-dir: /Users/nadyanovichkova/MyNextFlow/work [Mac OS X]
Aug-28 13:44:52.550 [main] DEBUG nextflow.Session - Script base path does not exist or is not a directory: /Users/nadyanovichkova/MyNextFlow/bin
Aug-28 13:44:52.553 [main] DEBUG nextflow.executor.ExecutorFactory - Extension executors providers=[]
Aug-28 13:44:52.556 [main] DEBUG nextflow.Session - Observer factory: DefaultObserverFactory
Aug-28 13:44:52.557 [main] DEBUG nextflow.Session - Observer factory (v2): LinObserverFactory
Aug-28 13:44:52.565 [main] DEBUG nextflow.cache.CacheFactory - Using Nextflow cache factory: nextflow.cache.DefaultCacheFactory
Aug-28 13:44:52.567 [main] DEBUG nextflow.util.CustomThreadPool - Creating default thread pool > poolSize: 11; maxThreads: 1000
Aug-28 13:44:52.596 [main] DEBUG nextflow.Session - Session start
Aug-28 13:44:52.680 [main] DEBUG nextflow.script.ScriptRunner - > Launching execution
Aug-28 13:44:52.713 [main] DEBUG nextflow.executor.ExecutorFactory - << taskConfig executor: null
Aug-28 13:44:52.713 [main] DEBUG nextflow.executor.ExecutorFactory - >> processorType: 'local'
Aug-28 13:44:52.715 [main] DEBUG nextflow.executor.Executor - [warm up] executor > local
Aug-28 13:44:52.717 [main] DEBUG n.processor.LocalPollingMonitor - Creating local task monitor for executor 'local' > cpus=10; memory=16 GB; capacity=10; pollInterval=100ms; dumpInterval=5m
Aug-28 13:44:52.718 [main] DEBUG n.processor.TaskPollingMonitor - >>> barrier register (monitor: local)
Aug-28 13:44:52.725 [main] DEBUG nextflow.processor.TaskProcessor - Creating process 'ArrayListBuild': maxForks=0; fair=false; array=0
Aug-28 13:44:52.738 [main] DEBUG nextflow.executor.ExecutorFactory - << taskConfig executor: null
Aug-28 13:44:52.738 [main] DEBUG nextflow.executor.ExecutorFactory - >> processorType: 'local'
Aug-28 13:44:52.738 [main] DEBUG nextflow.processor.TaskProcessor - Creating process 'MultiplyResults': maxForks=0; fair=false; array=0
Aug-28 13:44:52.739 [main] DEBUG nextflow.Session - Workflow process names [dsl2]: ArrayListBuild, MultiplyResults
Aug-28 13:44:52.740 [main] DEBUG nextflow.Session - Igniting dataflow network (5)
Aug-28 13:44:52.742 [main] DEBUG nextflow.processor.TaskProcessor - Starting process > ArrayListBuild
Aug-28 13:44:52.742 [main] DEBUG nextflow.processor.TaskProcessor - Starting process > MultiplyResults
Aug-28 13:44:52.742 [main] DEBUG nextflow.script.ScriptRunner - Parsed script files:
  Script_bc1965d9dd41ccce: /Users/nadyanovichkova/MyNextFlow/first_pipeLine.nf
Aug-28 13:44:52.742 [main] DEBUG nextflow.script.ScriptRunner - > Awaiting termination 
Aug-28 13:44:52.742 [main] DEBUG nextflow.Session - Session await
Aug-28 13:44:52.797 [Task submitter] DEBUG n.executor.local.LocalTaskHandler - Launch cmd line: /bin/bash -ue .command.run
Aug-28 13:44:52.798 [Task submitter] INFO  nextflow.Session - [a2/680c7c] Submitted process > ArrayListBuild (1)
Aug-28 13:44:52.815 [Task monitor] DEBUG n.processor.TaskPollingMonitor - Task completed > TaskHandler[id: 1; name: ArrayListBuild (1); status: COMPLETED; exit: 0; error: -; workDir: /Users/nadyanovichkova/MyNextFlow/work/a2/680c7cd4d8d0dcf6c694b9c49e4ce4]
Aug-28 13:44:52.816 [Task monitor] DEBUG nextflow.util.ThreadPoolBuilder - Creating thread pool 'TaskFinalizer' minSize=10; maxSize=30; workQueue=LinkedBlockingQueue[-1]; allowCoreThreadTimeout=false
Aug-28 13:44:52.826 [Task submitter] DEBUG n.executor.local.LocalTaskHandler - Launch cmd line: /bin/bash -ue .command.run
Aug-28 13:44:52.826 [TaskFinalizer-1] DEBUG nextflow.util.ThreadPoolBuilder - Creating thread pool 'PublishDir' minSize=10; maxSize=30; workQueue=LinkedBlockingQueue[-1]; allowCoreThreadTimeout=false
Aug-28 13:44:52.826 [Task submitter] INFO  nextflow.Session - [a3/697720] Submitted process > MultiplyResults (1)
Aug-28 13:44:52.841 [Task monitor] DEBUG n.processor.TaskPollingMonitor - Task completed > TaskHandler[id: 2; name: MultiplyResults (1); status: COMPLETED; exit: 0; error: -; workDir: /Users/nadyanovichkova/MyNextFlow/work/a3/697720865fda2fb4c728ed0347e2f2]
Aug-28 13:44:52.842 [main] DEBUG nextflow.Session - Session await > all processes finished
Aug-28 13:44:52.946 [Task monitor] DEBUG n.processor.TaskPollingMonitor - <<< barrier arrives (monitor: local) - terminating tasks monitor poll loop
Aug-28 13:44:52.946 [main] DEBUG nextflow.Session - Session await > all barriers passed
Aug-28 13:44:52.947 [main] DEBUG nextflow.util.ThreadPoolManager - Thread pool 'TaskFinalizer' shutdown completed (hard=false)
Aug-28 13:44:52.947 [main] DEBUG nextflow.util.ThreadPoolManager - Thread pool 'PublishDir' shutdown completed (hard=false)
Aug-28 13:44:52.949 [main] DEBUG n.trace.WorkflowStatsObserver - Workflow completed > WorkflowStats[succeededCount=2; failedCount=0; ignoredCount=0; cachedCount=0; pendingCount=0; submittedCount=0; runningCount=0; retriesCount=0; abortedCount=0; succeedDuration=2ms; failedDuration=0ms; cachedDuration=0ms;loadCpus=0; loadMemory=0; peakRunning=1; peakCpus=1; peakMemory=0; ]
Aug-28 13:44:53.021 [main] DEBUG nextflow.cache.CacheDB - Closing CacheDB done
Aug-28 13:44:53.029 [main] DEBUG nextflow.util.ThreadPoolManager - Thread pool 'FileTransfer' shutdown completed (hard=false)
Aug-28 13:44:53.029 [main] DEBUG nextflow.script.ScriptRunner - > Execution complete -- Goodbye
